2023-12-29 15:37:23.081  INFO 16408 --- [main] c.e.s.SpringbootLogDemoApplication       : Starting SpringbootLogDemoApplication using Java 17.0.9 on DESKTOP-P01MCGG with PID 16408 (D:\weimin\springboot-log-demo\target\classes started by admin in D:\weimin\springboot-log-demo)
2023-12-29 15:37:23.084  INFO 16408 --- [main] c.e.s.SpringbootLogDemoApplication       : No active profile set, falling back to 1 default profile: "default"
2023-12-29 15:37:24.674  INFO 16408 --- [main] o.s.b.w.embedded.tomcat.TomcatWebServer  : Tomcat initialized with port(s): 8080 (http)
2023-12-29 15:37:24.688  INFO 16408 --- [main] o.apache.catalina.core.StandardService   : Starting service [Tomcat]
2023-12-29 15:37:24.688  INFO 16408 --- [main] org.apache.catalina.core.StandardEngine  : Starting Servlet engine: [Apache Tomcat/9.0.69]
2023-12-29 15:37:24.938  INFO 16408 --- [main] o.a.c.c.C.[Tomcat].[localhost].[/]       : Initializing Spring embedded WebApplicationContext
2023-12-29 15:37:24.938  INFO 16408 --- [main] w.s.c.ServletWebServerApplicationContext : Root WebApplicationContext: initialization completed in 1787 ms
2023-12-29 15:37:25.142 DEBUG 16408 --- [main] s.w.s.m.m.a.RequestMappingHandlerAdapter : ControllerAdvice beans: 0 @ModelAttribute, 0 @InitBinder, 1 RequestBodyAdvice, 1 ResponseBodyAdvice
2023-12-29 15:37:25.188  INFO 16408 --- [main] o.s.b.a.w.s.WelcomePageHandlerMapping    : Adding welcome page: class path resource [static/index.html]
2023-12-29 15:37:25.246 DEBUG 16408 --- [main] s.w.s.m.m.a.RequestMappingHandlerMapping : 8 mappings in 'requestMappingHandlerMapping'
2023-12-29 15:37:25.263 DEBUG 16408 --- [main] o.s.w.s.handler.SimpleUrlHandlerMapping  : Patterns [/webjars/**, /**] in 'resourceHandlerMapping'
2023-12-29 15:37:25.270 DEBUG 16408 --- [main] .m.m.a.ExceptionHandlerExceptionResolver : ControllerAdvice beans: 0 @ExceptionHandler, 1 ResponseBodyAdvice
2023-12-29 15:37:25.368  INFO 16408 --- [main] o.s.b.w.embedded.tomcat.TomcatWebServer  : Tomcat started on port(s): 8080 (http) with context path ''
2023-12-29 15:37:25.380  INFO 16408 --- [main] c.e.s.SpringbootLogDemoApplication       : Started SpringbootLogDemoApplication in 2.823 seconds (JVM running for 3.368)
2023-12-29 15:37:38.578  INFO 16408 --- [http-nio-8080-exec-1] o.a.c.c.C.[Tomcat].[localhost].[/]       : Initializing Spring DispatcherServlet 'dispatcherServlet'
2023-12-29 15:37:38.578  INFO 16408 --- [http-nio-8080-exec-1] o.s.web.servlet.DispatcherServlet        : Initializing Servlet 'dispatcherServlet'
2023-12-29 15:37:38.578 DEBUG 16408 --- [http-nio-8080-exec-1] o.s.web.servlet.DispatcherServlet        : Detected StandardServletMultipartResolver
2023-12-29 15:37:38.578 DEBUG 16408 --- [http-nio-8080-exec-1] o.s.web.servlet.DispatcherServlet        : Detected AcceptHeaderLocaleResolver
2023-12-29 15:37:38.579 DEBUG 16408 --- [http-nio-8080-exec-1] o.s.web.servlet.DispatcherServlet        : Detected FixedThemeResolver
2023-12-29 15:37:38.579 DEBUG 16408 --- [http-nio-8080-exec-1] o.s.web.servlet.DispatcherServlet        : Detected org.springframework.web.servlet.view.DefaultRequestToViewNameTranslator@16db67bb
2023-12-29 15:37:38.579 DEBUG 16408 --- [http-nio-8080-exec-1] o.s.web.servlet.DispatcherServlet        : Detected org.springframework.web.servlet.support.SessionFlashMapManager@2d90f8c5
2023-12-29 15:37:38.580 DEBUG 16408 --- [http-nio-8080-exec-1] o.s.web.servlet.DispatcherServlet        : enableLoggingRequestDetails='false': request parameters and headers will be masked to prevent unsafe logging of potentially sensitive data
2023-12-29 15:37:38.580  INFO 16408 --- [http-nio-8080-exec-1] o.s.web.servlet.DispatcherServlet        : Completed initialization in 2 ms
2023-12-29 15:37:38.593 DEBUG 16408 --- [http-nio-8080-exec-1] o.s.web.servlet.DispatcherServlet        : GET "/user", parameters={}
2023-12-29 15:37:38.599 DEBUG 16408 --- [http-nio-8080-exec-1] s.w.s.m.m.a.RequestMappingHandlerMapping : Mapped to com.example.springbootlogdemo.demos.web.BasicController#user()
2023-12-29 15:37:38.662 DEBUG 16408 --- [http-nio-8080-exec-1] m.m.a.RequestResponseBodyMethodProcessor : Using 'application/json;q=0.8', given [text/html, application/xhtml+xml, image/avif, image/webp, image/apng, application/xml;q=0.9, application/signed-exchange;v=b3;q=0.7, */*;q=0.8] and supported [application/json, application/*+json, application/json, application/*+json]
2023-12-29 15:37:38.663 DEBUG 16408 --- [http-nio-8080-exec-1] m.m.a.RequestResponseBodyMethodProcessor : Writing [com.example.springbootlogdemo.demos.web.User@8d28e26]
2023-12-29 15:37:38.688 DEBUG 16408 --- [http-nio-8080-exec-1] o.s.web.servlet.DispatcherServlet        : Completed 200 OK
2023-12-29 15:37:39.499 DEBUG 16408 --- [http-nio-8080-exec-2] o.s.web.servlet.DispatcherServlet        : GET "/user", parameters={}
2023-12-29 15:37:39.500 DEBUG 16408 --- [http-nio-8080-exec-2] s.w.s.m.m.a.RequestMappingHandlerMapping : Mapped to com.example.springbootlogdemo.demos.web.BasicController#user()
2023-12-29 15:37:39.501 DEBUG 16408 --- [http-nio-8080-exec-2] m.m.a.RequestResponseBodyMethodProcessor : Using 'application/json;q=0.8', given [text/html, application/xhtml+xml, image/avif, image/webp, image/apng, application/xml;q=0.9, application/signed-exchange;v=b3;q=0.7, */*;q=0.8] and supported [application/json, application/*+json, application/json, application/*+json]
2023-12-29 15:37:39.502 DEBUG 16408 --- [http-nio-8080-exec-2] m.m.a.RequestResponseBodyMethodProcessor : Writing [com.example.springbootlogdemo.demos.web.User@72593428]
2023-12-29 15:37:39.503 DEBUG 16408 --- [http-nio-8080-exec-2] o.s.web.servlet.DispatcherServlet        : Completed 200 OK
